# ELBREAD: Elaboration process.
# ELBREAD: Error: Architecture 'behavioral' of entity 'full_adder_tb' not found in library 'full_adder'.
# ELBREAD: Error: Elaboration process completed with errors.
# Design: Error: Elaboration failed
acom -reorder -dbg -e 100 -work full_adder -2008  $dsn/src/adder16.vhd $dsn/src/adder16_tb.vhd $dsn/src/adder16_tb2.vhd
# Compile Entity "adder16"
# Compile Architecture "behavioral" of Entity "adder16"
# Compile Architecture "structural" of Entity "adder16"
# Compile Entity "adder16_tb"
# Compile Architecture "behavioral" of Entity "adder16_tb"
# Compile Entity "adder16_tb"
# Compile Architecture "test" of Entity "adder16_tb"
# Top-level unit(s) detected:
# Entity => adder16_tb
# Compile success 0 Errors 0 Warnings  Analysis time :  62.0 [ms]
# ELBREAD: Elaboration process.
# ELBREAD: Elaboration time 0.0 [s].
# Waveform file 'untitled.awc' connected to 'C:/Users/ulate/Desktop/new/midterm_project/full_adder/src/full_adder_tb_wf.asdb'.
# Waveform file 'untitled.awc' connected to 'C:/Users/ulate/Desktop/new/midterm_project/mult16/src/wave.asdb'.
# Waveform file 'untitled.awc' connected to 'C:/Users/ulate/Desktop/new/midterm_project/half_adder/src/half_adder_tb_wf.asdb'.
# Waveform file 'untitled.awc' connected to 'C:/Users/ulate/Desktop/new/midterm_project/mult16/src/wave.asdb'.
# Waveform file 'C:/Users/ulate/Desktop/new/midterm_project/adder16/src/tb_wave.awc' connected to 'C:/Users/ulate/Desktop/new/midterm_project/adder16/src/tb_wave.asdb'.
# Adding file C:\Users\ulate\Desktop\new\midterm_project\adder16\src\tb_wave.asdb ... Done
# Adding file C:\Users\ulate\Desktop\new\midterm_project\adder16\src\tb_wave.awc ... Done
# Waveform file 'untitled.awc' connected to 'C:/Users/ulate/Desktop/new/midterm_project/half_adder/src/half_adder_tb_wf.asdb'.
# Waveform file 'C:/Users/ulate/Desktop/new/midterm_project/half_adder/src/half_adder_tb_wf.awc' connected to 'C:/Users/ulate/Desktop/new/midterm_project/half_adder/src/half_adder_tb_wf.asdb'.
# Adding file C:\Users\ulate\Desktop\new\midterm_project\half_adder\src\half_adder_tb_wf.awc ... Done
# Waveform file 'untitled.awc' connected to 'C:/Users/ulate/Desktop/new/midterm_project/adder16/src/tb_wave.asdb'.
# Adding file C:\Users\ulate\Desktop\new\midterm_project\adder16\src\tb_wave.awc ... Done
# Waveform file 'C:/Users/ulate/Desktop/new/midterm_project/half_adder/src/half_adder_tb_wf.awc' connected to 'C:/Users/ulate/Desktop/new/midterm_project/half_adder/src/half_adder_tb_wf.asdb'.
# Adding file C:\Users\ulate\Desktop\new\midterm_project\half_adder\src\half_adder_tb_wf.awc ... Done
