Active-HDL 15.0.260.9131 2025-10-26 21:41:40

Elaboration top modules:
Architecture                  behavioral(mux8_tb)


-------------------------------------------------------------------------------------------
Entity   | Architecture | Library | Info | Compiler Version          | Compilation Options
-------------------------------------------------------------------------------------------
mux8_tb  | behavioral   | mux     |      | 15.0.260.9131 (Windows64) | -O3 -2008
mux8     | behavioral   | mux     |      | 15.0.260.9131 (Windows64) | -O3 -2008
-------------------------------------------------------------------------------------------

-------------------------------------------------------------------------------------------
VHDL Package            | Library | Info | Compiler Version          | Compilation Options
-------------------------------------------------------------------------------------------
standard                | std     |      |                           | <unavailable>
TEXTIO                  | std     |      | 15.0.260.9131 (Windows64) |  -2019
std_logic_1164          | ieee    |      | 15.0.260.9131 (Windows64) |  -2008
NUMERIC_STD             | ieee    |      | 15.0.260.9131 (Windows64) |  -2008
-------------------------------------------------------------------------------------------

-------------------------------------------------------------------------------------------
Library                 | Comment
-------------------------------------------------------------------------------------------
ieee                    | Standard IEEE packages library
mux                     | None
std                     | Standard VHDL library
-------------------------------------------------------------------------------------------


Simulation Options: asim -O5 +access +r +m+mux8_tb mux8_tb behavioral


The performance of simulation is reduced. Version EDU Edition
