Active-HDL 15.0.260.9131 2025-10-26 21:19:44

Elaboration top modules:
Architecture                  behavioral(subtractor16_tb)


-------------------------------------------------------------------------------------------------------
Entity          | Architecture | Library      | Info | Compiler Version          | Compilation Options
-------------------------------------------------------------------------------------------------------
subtractor16_tb | behavioral   | subtractor16 |      | 15.0.260.9131 (Windows64) | -dbg -2008
subtractor16    | behavioral   | subtractor16 |      | 15.0.260.9131 (Windows64) | -dbg -2008
subtractor16    | structural   | subtractor16 |      | 15.0.260.9131 (Windows64) | -dbg -2008
adder16         | structural   | adder16      |      | 15.0.260.9131 (Windows64) | -O3
not1            | rtl          | gates        |      | 15.0.260.9131 (Windows64) | -O3
fullAdder       | structural   | full_adder   |      | 15.0.260.9131 (Windows64) | -O3
halfAdder       | structural   | half_adder   |      | 15.0.260.9131 (Windows64) | -O3
xor2            | rtl          | gates        |      | 15.0.260.9131 (Windows64) | -O3
and2            | rtl          | gates        |      | 15.0.260.9131 (Windows64) | -O3
or2             | rtl          | gates        |      | 15.0.260.9131 (Windows64) | -O3
-------------------------------------------------------------------------------------------------------

-------------------------------------------------------------------------------------------------------
VHDL Package                   | Library      | Info | Compiler Version          | Compilation Options
-------------------------------------------------------------------------------------------------------
standard                       | std          |      |                           | <unavailable>
TEXTIO                         | std          |      | 15.0.260.9131 (Windows64) |  -2019
std_logic_1164                 | ieee         |      | 15.0.260.9131 (Windows64) |  -2008
NUMERIC_STD                    | ieee         |      | 15.0.260.9131 (Windows64) |  -2008
-------------------------------------------------------------------------------------------------------

-------------------------------------------------------------------------------------------------------
Library                        | Comment
-------------------------------------------------------------------------------------------------------
adder16                        | None
full_adder                     | None
gates                          | None
half_adder                     | None
ieee                           | Standard IEEE packages library
std                            | Standard VHDL library
subtractor16                   | None
-------------------------------------------------------------------------------------------------------
