Active-HDL 15.0.260.9131 2025-10-29 18:54:42

Elaboration top modules:
Architecture                  behavioral(mux8_tb)


-------------------------------------------------------------------------------------------
Entity   | Architecture | Library | Info | Compiler Version          | Compilation Options
-------------------------------------------------------------------------------------------
mux8_tb  | behavioral   | mux16   |      | 15.0.260.9131 (Windows64) | -O3 -2008
mux16    | behavioral   | mux16   |      | 15.0.260.9131 (Windows64) | -O3 -2008
mux16    | structural   | mux16   |      | 15.0.260.9131 (Windows64) | -O3 -2008
mux      | behavioral   | mux16   |      | 15.0.260.9131 (Windows64) | -O3 -2008
-------------------------------------------------------------------------------------------

-------------------------------------------------------------------------------------------
VHDL Package            | Library | Info | Compiler Version          | Compilation Options
-------------------------------------------------------------------------------------------
standard                | std     |      |                           | <unavailable>
TEXTIO                  | std     |      | 15.0.260.9131 (Windows64) |  -2019
std_logic_1164          | ieee    |      | 15.0.260.9131 (Windows64) |  -2008
NUMERIC_STD             | ieee    |      | 15.0.260.9131 (Windows64) |  -2008
-------------------------------------------------------------------------------------------

-------------------------------------------------------------------------------------------
Library                 | Comment
-------------------------------------------------------------------------------------------
ieee                    | Standard IEEE packages library
mux16                   | None
std                     | Standard VHDL library
-------------------------------------------------------------------------------------------
