Active-HDL 15.0.260.9131 2025-10-31 16:44:11

Elaboration top modules:
Architecture                  behavioral(adder16_tb)


---------------------------------------------------------------------------------------------
Entity     | Architecture | Library | Info | Compiler Version          | Compilation Options
---------------------------------------------------------------------------------------------
adder16_tb | behavioral   | adder16 |      | 15.0.260.9131 (Windows64) | -dbg -2008
adder16    | behavioral   | adder16 |      | 15.0.260.9131 (Windows64) | -dbg -2008
adder16    | structural   | adder16 |      | 15.0.260.9131 (Windows64) | -dbg -2008
---------------------------------------------------------------------------------------------

---------------------------------------------------------------------------------------------
VHDL Package              | Library | Info | Compiler Version          | Compilation Options
---------------------------------------------------------------------------------------------
standard                  | std     |      |                           | <unavailable>
TEXTIO                    | std     |      | 15.0.260.9131 (Windows64) |  -2019
std_logic_1164            | ieee    |      | 15.0.260.9131 (Windows64) |  -2008
NUMERIC_STD               | ieee    |      | 15.0.260.9131 (Windows64) |  -2008
---------------------------------------------------------------------------------------------

---------------------------------------------------------------------------------------------
Library                   | Comment
---------------------------------------------------------------------------------------------
adder16                   | None
ieee                      | Standard IEEE packages library
std                       | Standard VHDL library
---------------------------------------------------------------------------------------------
