acom -reorder -O3 -e 100 -work mux -2002  $dsn/src/mux8.vhd
# Compile Entity "mux8"
# Compile Architecture "behavioral" of Entity "mux8"
# A feature of VHDL 2008 has been detected. Use the -2008 argument of the vcom command.
# Error: COMP96_0025: mux8.vhd : (22, 10): Identifier or string literal expected.
# Error: COMP96_0019: mux8.vhd : (25, 3): Keyword 'end' expected.
# Error: COMP96_0016: mux8.vhd : (25, 9): Design unit declaration expected.
# Error: COMP96_0019: mux8.vhd : (35, 28): Keyword 'of' expected.
# Error: COMP96_0018: mux8.vhd : (35, 28): Identifier expected.
# Compile failure 5 Errors 0 Warnings  Analysis time :  16.0 [ms]
acom -O3 -e 100 -work mux -2002  $dsn/src/mux8.vhd
# Compile Entity "mux8"
# Compile Architecture "behavioral" of Entity "mux8"
# A feature of VHDL 2008 has been detected. Use the -2008 argument of the vcom command.
# Error: COMP96_0025: mux8.vhd : (22, 24): Identifier or string literal expected.
# Error: COMP96_0019: mux8.vhd : (25, 3): Keyword 'end' expected.
# Error: COMP96_0016: mux8.vhd : (25, 9): Design unit declaration expected.
# Error: COMP96_0019: mux8.vhd : (35, 28): Keyword 'of' expected.
# Error: COMP96_0018: mux8.vhd : (35, 28): Identifier expected.
# Compile failure 5 Errors 0 Warnings  Analysis time :  0.0 [ms]
acom -O3 -e 100 -work mux -2002  $dsn/src/mux8.vhd
# Compile Entity "mux8"
# Compile Architecture "behavioral" of Entity "mux8"
# A feature of VHDL 2008 has been detected. Use the -2008 argument of the vcom command.
# Error: COMP96_0025: mux8.vhd : (22, 24): Identifier or string literal expected.
# Error: COMP96_0019: mux8.vhd : (25, 3): Keyword 'end' expected.
# Error: COMP96_0016: mux8.vhd : (25, 9): Design unit declaration expected.
# Error: COMP96_0019: mux8.vhd : (35, 28): Keyword 'of' expected.
# Error: COMP96_0018: mux8.vhd : (35, 28): Identifier expected.
# Compile failure 5 Errors 0 Warnings  Analysis time :  16.0 [ms]
acom -O3 -e 100 -work mux -2008  $dsn/src/mux8.vhd
# Compile Entity "mux8"
# Compile Architecture "behavioral" of Entity "mux8"
# Compile success 0 Errors 0 Warnings  Analysis time :  63.0 [ms]
acom -O3 -e 100 -work mux -2008  $dsn/src/mux8.vhd
# Compile Entity "mux8"
# Compile Architecture "behavioral" of Entity "mux8"
# Compile Architecture "behavioral" of Entity "mux8"
# Warning: COMP96_0994: mux8.vhd : (37, 1): Multiple architecture "behavioral" of entity "mux8" found in "C:/My_Designs/midterm_project/mux/src/mux8.vhd", "C:/My_Designs/midterm_project/mux/src/mux8.vhd".
# Compile success 0 Errors 1 Warnings  Analysis time :  32.0 [ms]
acom -O3 -e 100 -work mux -2008  $dsn/src/mux8.vhd
# Compile Entity "mux8"
# Compile Architecture "behavioral" of Entity "mux8"
# Compile success 0 Errors 0 Warnings  Analysis time :  31.0 [ms]
acom -O3 -e 100 -work mux -2008  $dsn/src/mux8_tb.vhd
# Compile Entity "subtractor16_tb"
# Compile Architecture "behavioral" of Entity "subtractor16_tb"
# Error: COMP96_0019: mux8_tb.vhd : (42, 9): Keyword 'loop' expected.
# Error: COMP96_0019: mux8_tb.vhd : (44, 5): Keyword 'process' expected.
# Error: COMP96_0019: mux8_tb.vhd : (44, 28): Keyword 'end' expected.
# Compile failure 3 Errors 0 Warnings  Analysis time :  15.0 [ms]
acom -O3 -e 100 -work mux -2008  $dsn/src/mux8_tb.vhd
# Compile Entity "subtractor16_tb"
# Compile Architecture "behavioral" of Entity "subtractor16_tb"
# Error: COMP96_0078: mux8_tb.vhd : (20, 20): Unknown identifier "mux".
# Error: COMP96_0055: mux8_tb.vhd : (20, 15): Cannot find context item "work.mux".
# Error: COMP96_0078: mux8_tb.vhd : (34, 21): Unknown identifier "STD_LOGUC_VECTOR".
# Error: COMP96_0064: mux8_tb.vhd : (34, 21): Unknown type.
# Error: COMP96_0077: mux8_tb.vhd : (37, 14): Undefined type of expression. Expected type 'STD_ULOGIC_VECTOR'.
# Compile failure 5 Errors 0 Warnings  Analysis time :  15.0 [ms]
acom -O3 -e 100 -work mux -2008  $dsn/src/mux8_tb.vhd
# Compile Entity "subtractor16_tb"
# Compile Architecture "behavioral" of Entity "subtractor16_tb"
# Error: COMP96_0207: mux8_tb.vhd : (20, 2): No actual specified for local port "sel".
# Error: COMP96_0078: mux8_tb.vhd : (34, 21): Unknown identifier "STD_LOGUC_VECTOR".
# Error: COMP96_0064: mux8_tb.vhd : (34, 21): Unknown type.
# Error: COMP96_0077: mux8_tb.vhd : (37, 14): Undefined type of expression. Expected type 'STD_ULOGIC_VECTOR'.
# Compile failure 4 Errors 0 Warnings  Analysis time :  0.0 [ms]
acom -O3 -e 100 -work mux -2008  $dsn/src/mux8_tb.vhd
# Compile Entity "mux8_tb"
# Compile Architecture "behavioral" of Entity "mux8_tb"
# Error: COMP96_0207: mux8_tb.vhd : (18, 2): No actual specified for local port "sel".
# Error: COMP96_0078: mux8_tb.vhd : (32, 21): Unknown identifier "STD_LOGUC_VECTOR".
# Error: COMP96_0064: mux8_tb.vhd : (32, 21): Unknown type.
# Error: COMP96_0077: mux8_tb.vhd : (35, 14): Undefined type of expression. Expected type 'STD_ULOGIC_VECTOR'.
# Compile failure 4 Errors 0 Warnings  Analysis time :  15.0 [ms]
acom -O3 -e 100 -work mux -2008  $dsn/src/mux8_tb.vhd
# Compile Entity "mux8_tb"
# Compile Architecture "behavioral" of Entity "mux8_tb"
# Error: COMP96_0078: mux8_tb.vhd : (33, 21): Unknown identifier "STD_LOGUC_VECTOR".
# Error: COMP96_0064: mux8_tb.vhd : (33, 21): Unknown type.
# Error: COMP96_0077: mux8_tb.vhd : (37, 14): Undefined type of expression. Expected type 'STD_ULOGIC_VECTOR'.
# Compile failure 3 Errors 0 Warnings  Analysis time :  0.0 [ms]
acom -O3 -e 100 -work mux -2008  $dsn/src/mux8_tb.vhd
# Compile Entity "mux8_tb"
# Compile Architecture "behavioral" of Entity "mux8_tb"
# Compile success 0 Errors 0 Warnings  Analysis time :  47.0 [ms]
# ELBREAD: Elaboration process.
# ELBREAD: Elaboration time 0.0 [s].
# ELBREAD: Elaboration process.
# ELBREAD: Elaboration time 0.0 [s].
asim -O5 +access +r +m+mux8_tb mux8_tb behavioral
# ELBREAD: Elaboration process.
# ELBREAD: Elaboration time 0.0 [s].
# VSIM: Stack memory: 32MB
# VSIM: Retval memory: 32MB
# 
# KERNEL: Main thread initiated.
# KERNEL: Kernel process initialization phase.
# ELAB2: Elaboration final pass...
# ELAB2: Create instances ...
# KERNEL: Time resolution set to 1ps.
# ELAB2: Create instances complete.
# SLP: Started
# SLP: Elaboration phase ...
# SLP: Elaboration phase ... skipped, nothing to simulate in SLP mode : 0.0 [s]
# SLP: Finished : 0.0 [s]
# ELAB2: Elaboration final pass complete - time: 0.0 [s].
# KERNEL: Warning: You are using the Active-HDL EDU Edition. The performance of simulation is running at a reduced rate.
# KERNEL: Warning: Contact Aldec for available upgrade options - sales@aldec.com.
# KERNEL: Kernel process initialization done.
# Allocation: Simulator allocated 5438 kB (elbread=427 elab2=4872 kernel=139 sdf=0)
# KERNEL: ASDB file was created in location C:\My_Designs\midterm_project\mux\src\wave.asdb
#  9:41 PM, Sunday, October 26, 2025
#  Simulation has been initialized
run
# KERNEL: Simulation has finished. There are no more test vectors to simulate.
