# ELBREAD: Elaboration process.
# ELBREAD: Error: Architecture 'structural' of entity 'fulladder' not found in library 'half_adder'.
# ELBREAD: Error: Elaboration process completed with errors.
# Design: Error: Elaboration failed
# Waveform file 'untitled.awc' connected to 'C:/Users/ulate/Desktop/new/midterm_project/full_adder/src/full_adder_tb_wf.asdb'.
acom -reorder -dbg -e 100 -work half_adder -2008  $dsn/src/half_adder.vhd $dsn/src/half_adder_tb.vhd
# Compile Entity "halfAdder"
# Compile Architecture "behavioral" of Entity "halfAdder"
# Compile Architecture "structural" of Entity "halfAdder"
# Compile Entity "full_adder_tb"
# Compile Architecture "behavioral" of Entity "full_adder_tb"
# Top-level unit(s) detected:
# Entity => full_adder_tb
# Compile success 0 Errors 0 Warnings  Analysis time :  62.0 [ms]
# ELBREAD: Elaboration process.
# ELBREAD: Error: ELBREAD_0080 half_adder.vhd (24): Design unit rtl:xor2 instantiated in half_adder.halfAdder not found in searched libraries: gates, altera, altera_lnsim, altera_lnsim_ver, altera_mf, altera_mf_ver, altera_ver, cyclonev, half_adder.
# ELBREAD: Error: Elaboration process completed with errors.
# Design: Error: Elaboration failed
# Waveform file 'untitled.awc' connected to 'C:/Users/ulate/Desktop/new/midterm_project/half_adder/src/half_adder_tb_wf.asdb'.
# Waveform file 'untitled.awc' connected to 'C:/Users/ulate/Desktop/new/midterm_project/full_adder/src/full_adder_tb_wf.asdb'.
acom -reorder -dbg -e 100 -work half_adder -2008  $dsn/src/half_adder.vhd $dsn/src/half_adder_tb.vhd
# Compile Entity "halfAdder"
# Compile Architecture "behavioral" of Entity "halfAdder"
# Compile Architecture "structural" of Entity "halfAdder"
# Compile Entity "full_adder_tb"
# Compile Architecture "behavioral" of Entity "full_adder_tb"
# Top-level unit(s) detected:
# Entity => full_adder_tb
# Compile success 0 Errors 0 Warnings  Analysis time :  31.0 [ms]
# ELBREAD: Elaboration process.
# ELBREAD: Error: ELBREAD_0080 half_adder.vhd (24): Design unit rtl:xor2 instantiated in half_adder.halfAdder not found in searched libraries: gates, altera, altera_lnsim, altera_lnsim_ver, altera_mf, altera_mf_ver, altera_ver, cyclonev, half_adder.
# ELBREAD: Error: Elaboration process completed with errors.
# Design: Error: Elaboration failed
acom -dbg -e 100 -work half_adder -2008  $dsn/src/half_adder.vhd $dsn/src/half_adder_tb.vhd
# Compile Entity "halfAdder"
# Compile Architecture "behavioral" of Entity "halfAdder"
# Compile Architecture "structural" of Entity "halfAdder"
# Compile Entity "full_adder_tb"
# Compile Architecture "behavioral" of Entity "full_adder_tb"
# Compile success 0 Errors 0 Warnings  Analysis time :  31.0 [ms]
acom -dbg -e 100 -work half_adder -2008  $dsn/src/half_adder.vhd
# Compile Entity "halfAdder"
# Compile Architecture "behavioral" of Entity "halfAdder"
# Compile Architecture "structural" of Entity "halfAdder"
# Compile success 0 Errors 0 Warnings  Analysis time :  16.0 [ms]
acom -dbg -e 100 -work half_adder -2008  $dsn/src/half_adder.vhd $dsn/src/half_adder_tb.vhd
# Compile Entity "halfAdder"
# Compile Architecture "behavioral" of Entity "halfAdder"
# Compile Architecture "structural" of Entity "halfAdder"
# Compile Entity "full_adder_tb"
# Compile Architecture "behavioral" of Entity "full_adder_tb"
# Compile success 0 Errors 0 Warnings  Analysis time :  47.0 [ms]
# Waveform file 'untitled.awc' connected to 'C:/Users/ulate/Desktop/new/midterm_project/full_adder/src/full_adder_tb_wf.asdb'.
# Design: Design "adder16" has been set as active.
# ELBREAD: Elaboration process.
# ELBREAD: Elaboration time 0.0 [s].
