Active-HDL 15.0.260.9131 2025-10-31 16:45:21

Elaboration top modules:
Architecture                  test(adder16_tb)


------------------------------------------------------------------------------------------------
Entity     | Architecture | Library    | Info | Compiler Version          | Compilation Options
------------------------------------------------------------------------------------------------
adder16_tb | test         | full_adder |      | 15.0.260.9131 (Windows64) | -dbg -2008
adder16    | structural   | full_adder |      | 15.0.260.9131 (Windows64) | -dbg -2008
------------------------------------------------------------------------------------------------

------------------------------------------------------------------------------------------------
VHDL Package              | Library    | Info | Compiler Version          | Compilation Options
------------------------------------------------------------------------------------------------
standard                  | std        |      |                           | <unavailable>
TEXTIO                    | std        |      | 15.0.260.9131 (Windows64) |  -2019
std_logic_1164            | ieee       |      | 15.0.260.9131 (Windows64) |  -2008
NUMERIC_STD               | ieee       |      | 15.0.260.9131 (Windows64) |  -2008
------------------------------------------------------------------------------------------------

------------------------------------------------------------------------------------------------
Library                   | Comment
------------------------------------------------------------------------------------------------
full_adder                | None
ieee                      | Standard IEEE packages library
std                       | Standard VHDL library
------------------------------------------------------------------------------------------------
