Active-HDL 15.0.260.9131 2025-10-16 15:48:23

Elaboration top modules:
Architecture                  behavioral(gates_tb)


-------------------------------------------------------------------------------------------
Entity   | Architecture | Library | Info | Compiler Version          | Compilation Options
-------------------------------------------------------------------------------------------
gates_tb | behavioral   | gates   |      | 15.0.260.9131 (Windows64) | -O3
and2     | rtl          | gates   |      | 15.0.260.9131 (Windows64) | -O3
or2      | rtl          | gates   |      | 15.0.260.9131 (Windows64) | -O3
xor2     | rtl          | gates   |      | 15.0.260.9131 (Windows64) | -O3
nand2    | rtl          | gates   |      | 15.0.260.9131 (Windows64) | -O3
nor2     | rtl          | gates   |      | 15.0.260.9131 (Windows64) | -O3
xnor2    | rtl          | gates   |      | 15.0.260.9131 (Windows64) | -O3
not1     | rtl          | gates   |      | 15.0.260.9131 (Windows64) | -O3
buf1     | rtl          | gates   |      | 15.0.260.9131 (Windows64) | -O3
-------------------------------------------------------------------------------------------

-------------------------------------------------------------------------------------------
VHDL Package            | Library | Info | Compiler Version          | Compilation Options
-------------------------------------------------------------------------------------------
standard                | std     |      |                           | <unavailable>
TEXTIO                  | std     |      | 15.0.260.9131 (Windows64) |  -2019
std_logic_1164          | ieee    |      | 15.0.260.9131 (Windows64) |  -2008
NUMERIC_STD             | ieee    |      | 15.0.260.9131 (Windows64) |  -2008
-------------------------------------------------------------------------------------------

-------------------------------------------------------------------------------------------
Library                 | Comment
-------------------------------------------------------------------------------------------
gates                   | None
ieee                    | Standard IEEE packages library
std                     | Standard VHDL library
-------------------------------------------------------------------------------------------


Simulation Options: asim -O5 +access +r +m+gates_tb gates_tb behavioral


The performance of simulation is reduced. Version EDU Edition
