acom -O3 -e 100 -work alu16 -2008  $dsn/src/alu16.vhd
# Compile Entity "alu16"
# Error: COMP96_0059: alu16.vhd : (2, 1): Library "mux" not found.
# Error: COMP96_0078: alu16.vhd : (6, 5): Unknown identifier "mux".
# Compile Architecture "behavioral" of Entity "alu16"
# Error: COMP96_0059: alu16.vhd : (2, 0): Library "mux" not found.
# Error: COMP96_0078: alu16.vhd : (6, 0): Unknown identifier "mux".
# Error: COMP96_0056: alu16.vhd : (25, 1): Cannot find referenced entity declaration "alu16".
# Compile Architecture "structural" of Entity "alu16"
# Error: COMP96_0059: alu16.vhd : (2, 0): Library "mux" not found.
# Error: COMP96_0078: alu16.vhd : (6, 0): Unknown identifier "mux".
# Error: COMP96_0056: alu16.vhd : (87, 1): Cannot find referenced entity declaration "alu16".
# Compile failure 8 Errors 0 Warnings  Analysis time :  0.0 [ms]
# Library Manager: Library "mux16" attached.
# AMAP: Error: Logical library "mux" does not exist.
# Error: Library Manager: Library "mux" does not exist.
acom -O3 -e 100 -work alu16 -2008  $dsn/src/alu16.vhd
# Compile Entity "alu16"
# Compile Architecture "behavioral" of Entity "alu16"
# Compile Architecture "structural" of Entity "alu16"
# Error: COMP96_0078: alu16.vhd : (101, 27): Unknown identifier "i".
# Error: COMP96_0133: alu16.vhd : (101, 27): Cannot find object declaration.
# Error: COMP96_0078: alu16.vhd : (102, 26): Unknown identifier "i".
# Error: COMP96_0133: alu16.vhd : (102, 26): Cannot find object declaration.
# Error: COMP96_0078: alu16.vhd : (103, 21): Unknown identifier "i".
# Error: COMP96_0133: alu16.vhd : (103, 21): Cannot find object declaration.
# Error: COMP96_0078: alu16.vhd : (104, 21): Unknown identifier "i".
# Error: COMP96_0133: alu16.vhd : (104, 21): Cannot find object declaration.
# Error: COMP96_0078: alu16.vhd : (105, 25): Unknown identifier "i".
# Error: COMP96_0133: alu16.vhd : (105, 25): Cannot find object declaration.
# Error: COMP96_0078: alu16.vhd : (109, 24): Unknown identifier "i".
# Error: COMP96_0133: alu16.vhd : (109, 24): Cannot find object declaration.
# Compile failure 12 Errors 0 Warnings  Analysis time :  78.0 [ms]
acom -O3 -e 100 -work alu16 -2008  $dsn/src/alu16.vhd
# Compile Entity "alu16"
# Compile Architecture "behavioral" of Entity "alu16"
# Compile Architecture "structural" of Entity "alu16"
# Error: COMP96_0078: alu16.vhd : (109, 24): Unknown identifier "i".
# Error: COMP96_0133: alu16.vhd : (109, 24): Cannot find object declaration.
# Compile failure 2 Errors 0 Warnings  Analysis time :  47.0 [ms]
acom -O3 -e 100 -work alu16 -2008  $dsn/src/alu16.vhd
# Compile Entity "alu16"
# Compile Architecture "behavioral" of Entity "alu16"
# Compile Architecture "structural" of Entity "alu16"
# Compile success 0 Errors 0 Warnings  Analysis time :  94.0 [ms]
acom -O3 -e 100 -work alu16 -2008  $dsn/src/alu16_tb.vhd
# Compile Entity "mux16_tb"
# Compile Architecture "behavioral" of Entity "mux16_tb"
# Compile success 0 Errors 0 Warnings  Analysis time :  62.0 [ms]
